<?xml version="1.0" encoding="utf-8"?><testsuites name="pytest tests"><testsuite name="pytest" errors="0" failures="0" skipped="1" tests="11" time="4.457" timestamp="2026-04-16T12:48:57.217460+00:00" hostname="agent-env-f103f52f-36e8-4822-8814-1b0c6b7a9fbb"><testcase classname="tests.test_supabase_integration.TestHealthCheck" name="test_health_endpoint_returns_healthy" time="0.241" /><testcase classname="tests.test_supabase_integration.TestExercises" name="test_get_all_exercises_returns_12" time="0.169" /><testcase classname="tests.test_supabase_integration.TestExercises" name="test_get_exercises_filter_by_category_upper_body" time="0.193" /><testcase classname="tests.test_supabase_integration.TestExercises" name="test_get_exercises_filter_by_equipment_bodyweight" time="0.173" /><testcase classname="tests.test_supabase_integration.TestExercises" name="test_get_exercises_filter_by_category_lower_body" time="0.211" /><testcase classname="tests.test_supabase_integration.TestWorkoutGeneration" name="test_generate_workout_creates_workout_with_exercises" time="0.406" /><testcase classname="tests.test_supabase_integration.TestWorkoutGeneration" name="test_generate_workout_with_different_duration" time="0.383" /><testcase classname="tests.test_supabase_integration.TestWorkoutSessions" name="test_start_session_creates_session" time="0.598" /><testcase classname="tests.test_supabase_integration.TestWorkoutSessions" name="test_complete_session_awards_iron_miles" time="0.929" /><testcase classname="tests.test_supabase_integration.TestIronMiles" name="test_get_iron_miles_for_user" time="0.905"><skipped type="pytest.skip" message="User ID not available - user authentication not implemented yet">/app/backend/tests/test_supabase_integration.py:276: User ID not available - user authentication not implemented yet</skipped></testcase><testcase classname="tests.test_supabase_integration.TestIronMiles" name="test_get_iron_miles_for_new_user_returns_zero" time="0.170" /></testsuite></testsuites>