<?xml version="1.0" encoding="utf-8"?><testsuites name="pytest tests"><testsuite name="pytest" errors="0" failures="0" skipped="1" tests="11" time="6.552" timestamp="2026-04-16T19:01:39.721775+00:00" hostname="agent-env-f103f52f-36e8-4822-8814-1b0c6b7a9fbb"><testcase classname="tests.test_supabase_integration.TestHealthCheck" name="test_health_endpoint_returns_healthy" time="1.426" /><testcase classname="tests.test_supabase_integration.TestExercises" name="test_get_all_exercises_returns_12" time="0.246" /><testcase classname="tests.test_supabase_integration.TestExercises" name="test_get_exercises_filter_by_category_upper_body" time="0.276" /><testcase classname="tests.test_supabase_integration.TestExercises" name="test_get_exercises_filter_by_equipment_bodyweight" time="0.199" /><testcase classname="tests.test_supabase_integration.TestExercises" name="test_get_exercises_filter_by_category_lower_body" time="0.217" /><testcase classname="tests.test_supabase_integration.TestWorkoutGeneration" name="test_generate_workout_creates_workout_with_exercises" time="0.559" /><testcase classname="tests.test_supabase_integration.TestWorkoutGeneration" name="test_generate_workout_with_different_duration" time="0.419" /><testcase classname="tests.test_supabase_integration.TestWorkoutSessions" name="test_start_session_creates_session" time="0.656" /><testcase classname="tests.test_supabase_integration.TestWorkoutSessions" name="test_complete_session_awards_iron_miles" time="1.139" /><testcase classname="tests.test_supabase_integration.TestIronMiles" name="test_get_iron_miles_for_user" time="1.126"><skipped type="pytest.skip" message="User ID not available - user authentication not implemented yet">/app/backend/tests/test_supabase_integration.py:276: User ID not available - user authentication not implemented yet</skipped></testcase><testcase classname="tests.test_supabase_integration.TestIronMiles" name="test_get_iron_miles_for_new_user_returns_zero" time="0.207" /></testsuite></testsuites>